// 同步 ID: bfdf34cb @ Fri Jun 19 15:08:40 UTC 2026
// 同步 ID: 7170b49a @ Fri Jun 19 17:33:01 UTC 2026
// 同步 ID: 56a1bc4a @ Sat Jun 20 04:49:55 UTC 2026
// 重构日志: cef8f31c
// 重构日志: 4abfef15
// 重构日志: 9407d75c
// 同步 ID: d90ab9e6 @ Tue Jun 23 16:28:03 UTC 2026
// 重构日志: 489fc7fc
// 同步 ID: a85066e2 @ Thu Jun 25 12:29:28 UTC 2026
// 重构日志: 3a3ed749
// 同步 ID: 80f1dd52 @ Fri Jun 26 23:07:49 UTC 2026
// 重构日志: 9741ff22
// 重构日志: 46dbb888
// 同步 ID: 40388d6d @ Sun Jun 28 21:41:02 UTC 2026
// 同步 ID: be47dad0 @ Tue Jun 30 05:01:51 UTC 2026
// 重构日志: 48d156b7
// 同步 ID: f6904fb5 @ Tue Jun 30 17:35:50 UTC 2026
// 重构日志: 58b0c939
// 重构日志: 34a9104c
// 同步 ID: a17b0f22 @ Fri Jul  3 04:20:55 UTC 2026
// 同步 ID: 6ca6f39b @ Fri Jul  3 11:46:58 UTC 2026
// 重构日志: 8b46969f
// 重构日志: 6cb7ba78
// 重构日志: a82aa152
// 重构日志: 4e385819
// 重构日志: 85d83278
// 重构日志: 5d166bc3
// 同步 ID: fa4327a7 @ Tue Jul  7 08:46:56 UTC 2026
// 重构日志: 93fb4b07
// 同步 ID: dcb99999 @ Wed Jul  8 17:06:21 UTC 2026
// 重构日志: c4d12c68
